  Camera.cpp
  DiffusedVertex.cpp
  GameFramework.cpp
d:\networ~1\network_termproject\gameframework.cpp(414): warning C4101: 'ptCursorPos' :참조되지 않은 지역 변수입니다.
d:\networ~1\network_termproject\gameframework.cpp(652): warning C4244: '인수': 'double'에서 'float'(으)로 변환하면서 데이터가 손실될 수 있습니다.
d:\networ~1\network_termproject\gameframework.cpp(668): warning C4244: '인수': 'double'에서 'float'(으)로 변환하면서 데이터가 손실될 수 있습니다.
d:\networ~1\network_termproject\gameframework.cpp(683): warning C4244: '인수': 'double'에서 'float'(으)로 변환하면서 데이터가 손실될 수 있습니다.
d:\networ~1\network_termproject\gameframework.cpp(705): warning C4101: 'pos1' :참조되지 않은 지역 변수입니다.
  GameObject.cpp
d:\networ~1\network_termproject\gameobject.cpp(132): warning C4244: '인수': 'double'에서 'float'(으)로 변환하면서 데이터가 손실될 수 있습니다.
  main.cpp
  Mesh.cpp
d:\networ~1\network_termproject\mesh.cpp(397): warning C4305: '인수': 'double'에서 'float'(으)로 잘립니다.
d:\networ~1\network_termproject\mesh.cpp(398): warning C4305: '인수': 'double'에서 'float'(으)로 잘립니다.
d:\networ~1\network_termproject\mesh.cpp(399): warning C4305: '인수': 'double'에서 'float'(으)로 잘립니다.
d:\networ~1\network_termproject\mesh.cpp(400): warning C4305: '인수': 'double'에서 'float'(으)로 잘립니다.
d:\networ~1\network_termproject\mesh.cpp(401): warning C4305: '인수': 'double'에서 'float'(으)로 잘립니다.
d:\networ~1\network_termproject\mesh.cpp(402): warning C4305: '인수': 'double'에서 'float'(으)로 잘립니다.
d:\networ~1\network_termproject\mesh.cpp(403): warning C4305: '인수': 'double'에서 'float'(으)로 잘립니다.
d:\networ~1\network_termproject\mesh.cpp(404): warning C4305: '인수': 'double'에서 'float'(으)로 잘립니다.
d:\networ~1\network_termproject\mesh.cpp(667): warning C4305: '인수': 'double'에서 'float'(으)로 잘립니다.
d:\networ~1\network_termproject\mesh.cpp(668): warning C4305: '인수': 'double'에서 'float'(으)로 잘립니다.
d:\networ~1\network_termproject\mesh.cpp(669): warning C4305: '인수': 'double'에서 'float'(으)로 잘립니다.
d:\networ~1\network_termproject\mesh.cpp(670): warning C4305: '인수': 'double'에서 'float'(으)로 잘립니다.
d:\networ~1\network_termproject\mesh.cpp(671): warning C4305: '인수': 'double'에서 'float'(으)로 잘립니다.
d:\networ~1\network_termproject\mesh.cpp(672): warning C4305: '인수': 'double'에서 'float'(으)로 잘립니다.
d:\networ~1\network_termproject\mesh.cpp(673): warning C4305: '인수': 'double'에서 'float'(으)로 잘립니다.
d:\networ~1\network_termproject\mesh.cpp(674): warning C4305: '인수': 'double'에서 'float'(으)로 잘립니다.
  Player.cpp
  Scene.cpp
  Shader.cpp
d:\networ~1\network_termproject\shader.cpp(580): warning C4244: '인수': 'double'에서 'float'(으)로 변환하면서 데이터가 손실될 수 있습니다.
d:\networ~1\network_termproject\shader.cpp(581): warning C4244: '인수': 'double'에서 'float'(으)로 변환하면서 데이터가 손실될 수 있습니다.
d:\networ~1\network_termproject\shader.cpp(582): warning C4244: '인수': 'double'에서 'float'(으)로 변환하면서 데이터가 손실될 수 있습니다.
d:\networ~1\network_termproject\shader.cpp(849): warning C4244: '인수': 'double'에서 'float'(으)로 변환하면서 데이터가 손실될 수 있습니다.
d:\networ~1\network_termproject\shader.cpp(850): warning C4244: '인수': 'double'에서 'float'(으)로 변환하면서 데이터가 손실될 수 있습니다.
d:\networ~1\network_termproject\shader.cpp(851): warning C4244: '인수': 'double'에서 'float'(으)로 변환하면서 데이터가 손실될 수 있습니다.
d:\networ~1\network_termproject\shader.cpp(871): warning C4244: '인수': 'double'에서 'float'(으)로 변환하면서 데이터가 손실될 수 있습니다.
d:\networ~1\network_termproject\shader.cpp(872): warning C4244: '인수': 'double'에서 'float'(으)로 변환하면서 데이터가 손실될 수 있습니다.
d:\networ~1\network_termproject\shader.cpp(873): warning C4244: '인수': 'double'에서 'float'(으)로 변환하면서 데이터가 손실될 수 있습니다.
  stdafx.cpp
  Text.cpp
  Timer.cpp
  Vertex.cpp
  코드를 생성하고 있습니다.
d:\networ~1\network_termproject\main.cpp(67): warning C4715: 'wWinMain': 모든 제어 경로에서 값을 반환하지는 않습니다.
  838 of 838 functions (100.0%) were compiled.
    115 functions were new in current compilation
    0 functions had inline decision re-evaluated but remain unchanged
  코드를 생성했습니다.
  Network_TermProject.vcxproj -> D:\NETWOR~1\x64\Release\Network_TermProject.exe
