  Box.cpp
d:\multit~1\multithreadtcpserver\box.cpp(42): warning C4244: '=': 'double'에서 'float'(으)로 변환하면서 데이터가 손실될 수 있습니다.
d:\multit~1\multithreadtcpserver\box.cpp(43): warning C4244: '=': 'double'에서 'float'(으)로 변환하면서 데이터가 손실될 수 있습니다.
d:\multit~1\multithreadtcpserver\box.cpp(44): warning C4244: '=': 'double'에서 'float'(으)로 변환하면서 데이터가 손실될 수 있습니다.
  Bullet.cpp
  ObjMgr.cpp
d:\multit~1\multithreadtcpserver\objmgr.cpp(19): warning C4244: '초기화 중': 'double'에서 'float'(으)로 변환하면서 데이터가 손실될 수 있습니다.
d:\multit~1\multithreadtcpserver\objmgr.cpp(20): warning C4244: '초기화 중': 'double'에서 'float'(으)로 변환하면서 데이터가 손실될 수 있습니다.
d:\multit~1\multithreadtcpserver\objmgr.cpp(21): warning C4244: '초기화 중': 'double'에서 'float'(으)로 변환하면서 데이터가 손실될 수 있습니다.
d:\multit~1\multithreadtcpserver\objmgr.cpp(25): warning C4244: '인수': 'double'에서 'float'(으)로 변환하면서 데이터가 손실될 수 있습니다.
d:\multit~1\multithreadtcpserver\objmgr.cpp(26): warning C4244: '=': 'double'에서 'float'(으)로 변환하면서 데이터가 손실될 수 있습니다.
  Player.cpp
  Server.cpp
d:\multit~1\multithreadtcpserver\server.cpp(168): warning C4244: '=': 'DWORD'에서 'float'(으)로 변환하면서 데이터가 손실될 수 있습니다.
d:\multit~1\multithreadtcpserver\server.cpp(169): warning C4244: '+=': 'double'에서 'float'(으)로 변환하면서 데이터가 손실될 수 있습니다.
d:\multit~1\multithreadtcpserver\server.cpp(182): warning C4244: '인수': 'double'에서 'float'(으)로 변환하면서 데이터가 손실될 수 있습니다.
d:\multit~1\multithreadtcpserver\server.cpp(222): warning C4996: 'inet_ntoa': Use inet_ntop() or InetNtop() instead or define _WINSOCK_DEPRECATED_NO_WARNINGS to disable deprecated API warnings
  c:\program files (x86)\windows kits\10\include\10.0.17134.0\um\winsock2.h(1848): note: 'inet_ntoa' 선언을 참조하십시오.
d:\multit~1\multithreadtcpserver\server.cpp(254): warning C4244: '초기화 중': 'DWORD'에서 'float'(으)로 변환하면서 데이터가 손실될 수 있습니다.
d:\multit~1\multithreadtcpserver\server.cpp(344): warning C4244: '인수': 'double'에서 'float'(으)로 변환하면서 데이터가 손실될 수 있습니다.
d:\multit~1\multithreadtcpserver\server.cpp(345): warning C4244: '인수': 'double'에서 'float'(으)로 변환하면서 데이터가 손실될 수 있습니다.
d:\multit~1\multithreadtcpserver\server.cpp(346): warning C4244: '인수': 'double'에서 'float'(으)로 변환하면서 데이터가 손실될 수 있습니다.
d:\multit~1\multithreadtcpserver\server.cpp(348): warning C4244: '=': 'DWORD'에서 'float'(으)로 변환하면서 데이터가 손실될 수 있습니다.
d:\multit~1\multithreadtcpserver\server.cpp(322): warning C4996: 'inet_ntoa': Use inet_ntop() or InetNtop() instead or define _WINSOCK_DEPRECATED_NO_WARNINGS to disable deprecated API warnings
  c:\program files (x86)\windows kits\10\include\10.0.17134.0\um\winsock2.h(1848): note: 'inet_ntoa' 선언을 참조하십시오.
d:\multit~1\multithreadtcpserver\server.cpp(471): warning C4244: '=': 'DWORD'에서 'float'(으)로 변환하면서 데이터가 손실될 수 있습니다.
d:\multit~1\multithreadtcpserver\server.cpp(515): warning C4244: '인수': 'double'에서 'float'(으)로 변환하면서 데이터가 손실될 수 있습니다.
  stdafx.cpp
  코드를 생성하고 있습니다.
  272 of 272 functions (100.0%) were compiled.
    47 functions were new in current compilation
    0 functions had inline decision re-evaluated but remain unchanged
  코드를 생성했습니다.
  MultithreadTCPServer.vcxproj -> D:\MULTIT~1\x64\Release\MultithreadTCPServer.exe
